#-----------------------------------------------------------
# Vivado v2017.4 (64-bit)
# SW Build 2086221 on Fri Dec 15 20:55:39 MST 2017
# IP Build 2085800 on Fri Dec 15 22:25:07 MST 2017
# Start of session at: Mon May 22 15:16:07 2023
# Process ID: 45868
# Current directory: D:/myCodes/vivado/computer_organization/SUSTC_CS214_MINISYS_CPU/Minisys_CPU
# Command line: vivado.exe -gui_launcher_event rodinguilauncherevent162728 D:\myCodes\vivado\computer_organization\SUSTC_CS214_MINISYS_CPU\Minisys_CPU\Minisys_CPU.xpr
# Log file: D:/myCodes/vivado/computer_organization/SUSTC_CS214_MINISYS_CPU/Minisys_CPU/vivado.log
# Journal file: D:/myCodes/vivado/computer_organization/SUSTC_CS214_MINISYS_CPU/Minisys_CPU\vivado.jou
#-----------------------------------------------------------
start_gui
open_project D:/myCodes/vivado/computer_organization/SUSTC_CS214_MINISYS_CPU/Minisys_CPU/Minisys_CPU.xpr
INFO: [Project 1-313] Project file moved from 'D:/computer_organization/SUSTC_CS214_MINISYS_CPU/Minisys_CPU' since last save.
Scanning sources...
Finished scanning sources
INFO: [IP_Flow 19-234] Refreshing IP repositories
INFO: [IP_Flow 19-1704] No user IP repositories specified
INFO: [IP_Flow 19-2313] Loaded Vivado IP repository 'C:/Xilinx/Vivado/2017.4/data/ip'.
update_compile_order -fileset sources_1
INFO: [Device 21-403] Loading part xc7a100tfgg484-1
WARNING: [IP_Flow 19-4067] Ignoring invalid widget type specified checkbox.Providing a default widget
WARNING: [IP_Flow 19-4067] Ignoring invalid widget type specified checkbox.Providing a default widget
exit
INFO: [Common 17-206] Exiting Vivado at Mon May 22 15:17:38 2023...
