Copyright 1986-2017 Xilinx, Inc. All Rights Reserved.
-------------------------------------------------------------------------------------------------------------------------------------------
| Tool Version     : Vivado v.2017.4 (win64) Build 2086221 Fri Dec 15 20:55:39 MST 2017
| Date             : Mon May 29 03:32:39 2023
| Host             : Gao running 64-bit major release  (build 9200)
| Command          : report_power -file cpu_top_power_routed.rpt -pb cpu_top_power_summary_routed.pb -rpx cpu_top_power_routed.rpx
| Design           : cpu_top
| Device           : xc7a100tfgg484-1
| Design State     : routed
| Grade            : commercial
| Process          : typical
| Characterization : Production
-------------------------------------------------------------------------------------------------------------------------------------------

Power Report

Table of Contents
-----------------
1. Summary
1.1 On-Chip Components
1.2 Power Supply Summary
1.3 Confidence Level
2. Settings
2.1 Environment
2.2 Clock Constraints
3. Detailed Reports
3.1 By Hierarchy

1. Summary
----------

+--------------------------+--------------+
| Total On-Chip Power (W)  | 0.234        |
| Design Power Budget (W)  | Unspecified* |
| Power Budget Margin (W)  | NA           |
| Dynamic (W)              | 0.136        |
| Device Static (W)        | 0.099        |
| Effective TJA (C/W)      | 2.7          |
| Max Ambient (C)          | 84.4         |
| Junction Temperature (C) | 25.6         |
| Confidence Level         | Low          |
| Setting File             | ---          |
| Simulation Activity File | ---          |
| Design Nets Matched      | NA           |
+--------------------------+--------------+
* Specify Design Power Budget using, set_operating_conditions -design_power_budget <value in Watts>


1.1 On-Chip Components
----------------------

+-------------------------+-----------+----------+-----------+-----------------+
| On-Chip                 | Power (W) | Used     | Available | Utilization (%) |
+-------------------------+-----------+----------+-----------+-----------------+
| Clocks                  |     0.003 |        6 |       --- |             --- |
| Slice Logic             |     0.004 |     5242 |       --- |             --- |
|   LUT as Logic          |     0.004 |     2654 |     63400 |            4.19 |
|   CARRY4                |    <0.001 |      113 |     15850 |            0.71 |
|   F7/F8 Muxes           |    <0.001 |      332 |     63400 |            0.52 |
|   Register              |    <0.001 |     1663 |    126800 |            1.31 |
|   BUFG                  |    <0.001 |        2 |        32 |            6.25 |
|   LUT as Shift Register |    <0.001 |       10 |     19000 |            0.05 |
|   Others                |     0.000 |      140 |       --- |             --- |
| Signals                 |     0.005 |     4418 |       --- |             --- |
| Block RAM               |     0.002 |       29 |       135 |           21.48 |
| MMCM                    |     0.106 |        1 |         6 |           16.67 |
| I/O                     |     0.017 |       65 |       285 |           22.81 |
| Static Power            |     0.099 |          |           |                 |
| Total                   |     0.234 |          |           |                 |
+-------------------------+-----------+----------+-----------+-----------------+


1.2 Power Supply Summary
------------------------

+-----------+-------------+-----------+-------------+------------+
| Source    | Voltage (V) | Total (A) | Dynamic (A) | Static (A) |
+-----------+-------------+-----------+-------------+------------+
| Vccint    |       1.000 |     0.029 |       0.014 |      0.016 |
| Vccaux    |       1.800 |     0.077 |       0.059 |      0.018 |
| Vcco33    |       3.300 |     0.009 |       0.005 |      0.004 |
| Vcco25    |       2.500 |     0.000 |       0.000 |      0.000 |
| Vcco18    |       1.800 |     0.000 |       0.000 |      0.000 |
| Vcco15    |       1.500 |     0.000 |       0.000 |      0.000 |
| Vcco135   |       1.350 |     0.000 |       0.000 |      0.000 |
| Vcco12    |       1.200 |     0.000 |       0.000 |      0.000 |
| Vccaux_io |       1.800 |     0.000 |       0.000 |      0.000 |
| Vccbram   |       1.000 |     0.001 |       0.000 |      0.001 |
| MGTAVcc   |       1.000 |     0.000 |       0.000 |      0.000 |
| MGTAVtt   |       1.200 |     0.000 |       0.000 |      0.000 |
| Vccadc    |       1.800 |     0.020 |       0.000 |      0.020 |
+-----------+-------------+-----------+-------------+------------+


1.3 Confidence Level
--------------------

+-----------------------------+------------+--------------------------------------------------------+--------------------------------------------------------------------------------------------------------------------+
| User Input Data             | Confidence | Details                                                | Action                                                                                                             |
+-----------------------------+------------+--------------------------------------------------------+--------------------------------------------------------------------------------------------------------------------+
| Design implementation state | High       | Design is routed                                       |                                                                                                                    |
| Clock nodes activity        | Medium     | More than 5% of clocks are missing user specification  | Provide missing clock activity with a constraint file, simulation results or by editing the "By Clock Domain" view |
| I/O nodes activity          | Low        | More than 75% of inputs are missing user specification | Provide missing input activity with simulation results or by editing the "By Resource Type -> I/Os" view           |
| Internal nodes activity     | Medium     | User specified less than 25% of internal nodes         | Provide missing internal nodes activity with simulation results or by editing the "By Resource Type" views         |
| Device models               | High       | Device models are Production                           |                                                                                                                    |
|                             |            |                                                        |                                                                                                                    |
| Overall confidence level    | Low        |                                                        |                                                                                                                    |
+-----------------------------+------------+--------------------------------------------------------+--------------------------------------------------------------------------------------------------------------------+


2. Settings
-----------

2.1 Environment
---------------

+-----------------------+--------------------------+
| Ambient Temp (C)      | 25.0                     |
| ThetaJA (C/W)         | 2.7                      |
| Airflow (LFM)         | 250                      |
| Heat Sink             | medium (Medium Profile)  |
| ThetaSA (C/W)         | 4.6                      |
| Board Selection       | medium (10"x10")         |
| # of Board Layers     | 12to15 (12 to 15 Layers) |
| Board Temperature (C) | 25.0                     |
+-----------------------+--------------------------+


2.2 Clock Constraints
---------------------

+-----------------------------+-----------------------------------------+-----------------+
| Clock                       | Domain                                  | Constraint (ns) |
+-----------------------------+-----------------------------------------+-----------------+
| clkfbout_cpuclk             | cpuclk/inst/clkfbout_cpuclk             |            10.0 |
| cpuclk/inst/clk_in1         | ori_clk_IBUF_BUFG                       |            10.0 |
| single_cycle_cpu_clk_cpuclk | cpuclk/inst/single_cycle_cpu_clk_cpuclk |           100.0 |
| uart_clk_cpuclk             | cpuclk/inst/uart_clk_cpuclk             |           100.0 |
+-----------------------------+-----------------------------------------+-----------------+


3. Detailed Reports
-------------------

3.1 By Hierarchy
----------------

+---------------------------------------------------------------------------------+-----------+
| Name                                                                            | Power (W) |
+---------------------------------------------------------------------------------+-----------+
| cpu_top                                                                         |     0.136 |
|   bd1                                                                           |    <0.001 |
|   clk_1k1                                                                       |    <0.001 |
|   cpuclk                                                                        |     0.106 |
|     inst                                                                        |     0.106 |
|   decoder                                                                       |     0.003 |
|   ifetch                                                                        |    <0.001 |
|   ioreader                                                                      |    <0.001 |
|   keypad1                                                                       |    <0.001 |
|   led_light                                                                     |    <0.001 |
|   led_t                                                                         |    <0.001 |
|   mem                                                                           |     0.001 |
|     ram                                                                         |     0.001 |
|       U0                                                                        |     0.001 |
|         inst_blk_mem_gen                                                        |     0.001 |
|           gnbram.gnativebmg.native_blk_mem_gen                                  |     0.001 |
|             valid.cstr                                                          |     0.001 |
|               bindec_a.bindec_inst_a                                            |    <0.001 |
|               has_mux_a.A                                                       |    <0.001 |
|               ramloop[0].ram.r                                                  |    <0.001 |
|                 prim_init.ram                                                   |    <0.001 |
|               ramloop[10].ram.r                                                 |    <0.001 |
|                 prim_init.ram                                                   |    <0.001 |
|               ramloop[11].ram.r                                                 |    <0.001 |
|                 prim_init.ram                                                   |    <0.001 |
|               ramloop[12].ram.r                                                 |    <0.001 |
|                 prim_init.ram                                                   |    <0.001 |
|               ramloop[13].ram.r                                                 |    <0.001 |
|                 prim_init.ram                                                   |    <0.001 |
|               ramloop[14].ram.r                                                 |    <0.001 |
|                 prim_init.ram                                                   |    <0.001 |
|               ramloop[1].ram.r                                                  |    <0.001 |
|                 prim_init.ram                                                   |    <0.001 |
|               ramloop[2].ram.r                                                  |    <0.001 |
|                 prim_init.ram                                                   |    <0.001 |
|               ramloop[3].ram.r                                                  |    <0.001 |
|                 prim_init.ram                                                   |    <0.001 |
|               ramloop[4].ram.r                                                  |    <0.001 |
|                 prim_init.ram                                                   |    <0.001 |
|               ramloop[5].ram.r                                                  |    <0.001 |
|                 prim_init.ram                                                   |    <0.001 |
|               ramloop[6].ram.r                                                  |    <0.001 |
|                 prim_init.ram                                                   |    <0.001 |
|               ramloop[7].ram.r                                                  |    <0.001 |
|                 prim_init.ram                                                   |    <0.001 |
|               ramloop[8].ram.r                                                  |    <0.001 |
|                 prim_init.ram                                                   |    <0.001 |
|               ramloop[9].ram.r                                                  |    <0.001 |
|                 prim_init.ram                                                   |    <0.001 |
|   nolabel_line330                                                               |     0.001 |
|   pad_decode1                                                                   |    <0.001 |
|   prgrom                                                                        |     0.005 |
|     instmem                                                                     |     0.002 |
|       U0                                                                        |     0.002 |
|         inst_blk_mem_gen                                                        |     0.002 |
|           gnbram.gnativebmg.native_blk_mem_gen                                  |     0.002 |
|             valid.cstr                                                          |     0.002 |
|               bindec_a.bindec_inst_a                                            |    <0.001 |
|               has_mux_a.A                                                       |    <0.001 |
|               ramloop[0].ram.r                                                  |    <0.001 |
|                 prim_init.ram                                                   |    <0.001 |
|               ramloop[10].ram.r                                                 |    <0.001 |
|                 prim_init.ram                                                   |    <0.001 |
|               ramloop[11].ram.r                                                 |    <0.001 |
|                 prim_init.ram                                                   |    <0.001 |
|               ramloop[12].ram.r                                                 |    <0.001 |
|                 prim_init.ram                                                   |    <0.001 |
|               ramloop[13].ram.r                                                 |    <0.001 |
|                 prim_init.ram                                                   |    <0.001 |
|               ramloop[14].ram.r                                                 |    <0.001 |
|                 prim_init.ram                                                   |    <0.001 |
|               ramloop[1].ram.r                                                  |    <0.001 |
|                 prim_init.ram                                                   |    <0.001 |
|               ramloop[2].ram.r                                                  |    <0.001 |
|                 prim_init.ram                                                   |    <0.001 |
|               ramloop[3].ram.r                                                  |    <0.001 |
|                 prim_init.ram                                                   |    <0.001 |
|               ramloop[4].ram.r                                                  |    <0.001 |
|                 prim_init.ram                                                   |    <0.001 |
|               ramloop[5].ram.r                                                  |    <0.001 |
|                 prim_init.ram                                                   |    <0.001 |
|               ramloop[6].ram.r                                                  |    <0.001 |
|                 prim_init.ram                                                   |    <0.001 |
|               ramloop[7].ram.r                                                  |    <0.001 |
|                 prim_init.ram                                                   |    <0.001 |
|               ramloop[8].ram.r                                                  |    <0.001 |
|                 prim_init.ram                                                   |    <0.001 |
|               ramloop[9].ram.r                                                  |    <0.001 |
|                 prim_init.ram                                                   |    <0.001 |
|   sig_led                                                                       |    <0.001 |
|     sig_led1                                                                    |    <0.001 |
|   switch                                                                        |    <0.001 |
|   uart                                                                          |    <0.001 |
|     inst                                                                        |    <0.001 |
|       upg_inst                                                                  |    <0.001 |
|         axi_uart_inst                                                           |    <0.001 |
|           U0                                                                    |    <0.001 |
|             AXI_LITE_IPIF_I                                                     |    <0.001 |
|               I_SLAVE_ATTACHMENT                                                |    <0.001 |
|                 I_DECODER                                                       |    <0.001 |
|                   MEM_DECODE_GEN[0].PER_CE_GEN[0].MULTIPLE_CES_THIS_CS_GEN.CE_I |    <0.001 |
|                   MEM_DECODE_GEN[0].PER_CE_GEN[2].MULTIPLE_CES_THIS_CS_GEN.CE_I |    <0.001 |
|             UARTLITE_CORE_I                                                     |    <0.001 |
|               BAUD_RATE_I                                                       |    <0.001 |
|               UARTLITE_RX_I                                                     |    <0.001 |
|                 DELAY_16_I                                                      |    <0.001 |
|                 INPUT_DOUBLE_REGS3                                              |    <0.001 |
|                 SRL_FIFO_I                                                      |    <0.001 |
|                   I_SRL_FIFO_RBU_F                                              |    <0.001 |
|                     CNTR_INCR_DECR_ADDN_F_I                                     |    <0.001 |
|                     DYNSHREG_F_I                                                |    <0.001 |
|               UARTLITE_TX_I                                                     |    <0.001 |
|                 MID_START_BIT_SRL16_I                                           |    <0.001 |
|                 SRL_FIFO_I                                                      |    <0.001 |
|                   I_SRL_FIFO_RBU_F                                              |    <0.001 |
|                     CNTR_INCR_DECR_ADDN_F_I                                     |    <0.001 |
|                     DYNSHREG_F_I                                                |    <0.001 |
+---------------------------------------------------------------------------------+-----------+


